# JRE version: Java(TM) SE Runtime Environment (7.0_79-b15) (build 1.7.0_79-b15)
# Java VM: Java HotSpot(TM) 64-Bit Server VM (24.79-b02 mixed mode windows-amd64 compressed oops)
Heap
 PSYoungGen      total 260608K, used 231207K [0x00000000eaa80000, 0x00000000ffe80000, 0x0000000100000000)
  eden space 173056K, 88% used [0x00000000eaa80000,0x00000000f400f5d8,0x00000000f5380000)
  from space 87552K, 89% used [0x00000000f5380000,0x00000000f9fba7c0,0x00000000fa900000)
  to   space 84480K, 0% used [0x00000000fac00000,0x00000000fac00000,0x00000000ffe80000)
 ParOldGen       total 208384K, used 156508K [0x00000000c0000000, 0x00000000ccb80000, 0x00000000eaa80000)
  object space 208384K, 75% used [0x00000000c0000000,0x00000000c98d7140,0x00000000ccb80000)
 PSPermGen       total 21504K, used 6219K [0x00000000bae00000, 0x00000000bc300000, 0x00000000c0000000)
  object space 21504K, 28% used [0x00000000bae00000,0x00000000bb412cf0,0x00000000bc300000)
GC Heap History (10 events):
Event: 7.315 GC heap before
{Heap before GC invocations=10 (full 0):
 PSYoungGen      total 296448K, used 296418K [0x00000000eaa80000, 0x0000000100000000, 0x0000000100000000)
  eden space 243200K, 100% used [0x00000000eaa80000,0x00000000f9800000,0x00000000f9800000)
  from space 53248K, 99% used [0x00000000f9800000,0x00000000fcbf8830,0x00000000fcc00000)
  to   space 53248K, 0% used [0x00000000fcc00000,0x00000000fcc00000,0x0000000100000000)
 ParOldGen       total 108032K, used 69212K [0x00000000c0000000, 0x00000000c6980000, 0x00000000eaa80000)
  object space 108032K, 64% used [0x00000000c0000000,0x00000000c43973f8,0x00000000c6980000)
 PSPermGen       total 21504K, used 6187K [0x00000000bae00000, 0x00000000bc300000, 0x00000000c0000000)
  object space 21504K, 28% used [0x00000000bae00000,0x00000000bb40ae78,0x00000000bc300000)
Event: 7.433 GC heap after
Heap after GC invocations=10 (full 0):
 PSYoungGen      total 221696K, used 53247K [0x00000000eaa80000, 0x0000000100000000, 0x0000000100000000)
  eden space 168448K, 0% used [0x00000000eaa80000,0x00000000eaa80000,0x00000000f4f00000)
  from space 53248K, 99% used [0x00000000fcc00000,0x00000000fffffd20,0x0000000100000000)
  to   space 90624K, 0% used [0x00000000f4f00000,0x00000000f4f00000,0x00000000fa780000)
 ParOldGen       total 110080K, used 109845K [0x00000000c0000000, 0x00000000c6b80000, 0x00000000eaa80000)
  object space 110080K, 99% used [0x00000000c0000000,0x00000000c6b45630,0x00000000c6b80000)
 PSPermGen       total 21504K, used 6187K [0x00000000bae00000, 0x00000000bc300000, 0x00000000c0000000)
  object space 21504K, 28% used [0x00000000bae00000,0x00000000bb40ae78,0x00000000bc300000)
}
Event: 7.433 GC heap before
{Heap before GC invocations=11 (full 1):
 PSYoungGen      total 221696K, used 53247K [0x00000000eaa80000, 0x0000000100000000, 0x0000000100000000)
  eden space 168448K, 0% used [0x00000000eaa80000,0x00000000eaa80000,0x00000000f4f00000)
  from space 53248K, 99% used [0x00000000fcc00000,0x00000000fffffd20,0x0000000100000000)
  to   space 90624K, 0% used [0x00000000f4f00000,0x00000000f4f00000,0x00000000fa780000)
 ParOldGen       total 110080K, used 109845K [0x00000000c0000000, 0x00000000c6b80000, 0x00000000eaa80000)
  object space 110080K, 99% used [0x00000000c0000000,0x00000000c6b45630,0x00000000c6b80000)
 PSPermGen       total 21504K, used 6187K [0x00000000bae00000, 0x00000000bc300000, 0x00000000c0000000)
  object space 21504K, 28% used [0x00000000bae00000,0x00000000bb40ae78,0x00000000bc300000)
Event: 8.691 GC heap after
Heap after GC invocations=11 (full 1):
 PSYoungGen      total 221696K, used 46409K [0x00000000eaa80000, 0x0000000100000000, 0x0000000100000000)
  eden space 168448K, 0% used [0x00000000eaa80000,0x00000000eaa80000,0x00000000f4f00000)
  from space 53248K, 87% used [0x00000000fcc00000,0x00000000ff9524e0,0x0000000100000000)
  to   space 90624K, 0% used [0x00000000f4f00000,0x00000000f4f00000,0x00000000fa780000)
 ParOldGen       total 208384K, used 109682K [0x00000000c0000000, 0x00000000ccb80000, 0x00000000eaa80000)
  object space 208384K, 52% used [0x00000000c0000000,0x00000000c6b1c910,0x00000000ccb80000)
 PSPermGen       total 21504K, used 6182K [0x00000000bae00000, 0x00000000bc300000, 0x00000000c0000000)
  object space 21504K, 28% used [0x00000000bae00000,0x00000000bb409ab8,0x00000000bc300000)
}
Event: 9.113 GC heap before
{Heap before GC invocations=12 (full 1):
 PSYoungGen      total 221696K, used 214857K [0x00000000eaa80000, 0x0000000100000000, 0x0000000100000000)
  eden space 168448K, 100% used [0x00000000eaa80000,0x00000000f4f00000,0x00000000f4f00000)
  from space 53248K, 87% used [0x00000000fcc00000,0x00000000ff9524e0,0x0000000100000000)
  to   space 90624K, 0% used [0x00000000f4f00000,0x00000000f4f00000,0x00000000fa780000)
 ParOldGen       total 208384K, used 109682K [0x00000000c0000000, 0x00000000ccb80000, 0x00000000eaa80000)
  object space 208384K, 52% used [0x00000000c0000000,0x00000000c6b1c910,0x00000000ccb80000)
 PSPermGen       total 21504K, used 6206K [0x00000000bae00000, 0x00000000bc300000, 0x00000000c0000000)
  object space 21504K, 28% used [0x00000000bae00000,0x00000000bb40fac0,0x00000000bc300000)
Event: 9.283 GC heap after
Heap after GC invocations=12 (full 1):
 PSYoungGen      total 259072K, used 26914K [0x00000000eaa80000, 0x0000000100000000, 0x0000000100000000)
  eden space 168448K, 0% used [0x00000000eaa80000,0x00000000eaa80000,0x00000000f4f00000)
  from space 90624K, 29% used [0x00000000f4f00000,0x00000000f6948920,0x00000000fa780000)
  to   space 86016K, 0% used [0x00000000fac00000,0x00000000fac00000,0x0000000100000000)
 ParOldGen       total 208384K, used 156508K [0x00000000c0000000, 0x00000000ccb80000, 0x00000000eaa80000)
  object space 208384K, 75% used [0x00000000c0000000,0x00000000c98d7140,0x00000000ccb80000)
 PSPermGen       total 21504K, used 6206K [0x00000000bae00000, 0x00000000bc300000, 0x00000000c0000000)
  object space 21504K, 28% used [0x00000000bae00000,0x00000000bb40fac0,0x00000000bc300000)
}
Event: 9.673 GC heap before
{Heap before GC invocations=13 (full 1):
 PSYoungGen      total 259072K, used 195362K [0x00000000eaa80000, 0x0000000100000000, 0x0000000100000000)
  eden space 168448K, 100% used [0x00000000eaa80000,0x00000000f4f00000,0x00000000f4f00000)
  from space 90624K, 29% used [0x00000000f4f00000,0x00000000f6948920,0x00000000fa780000)
  to   space 86016K, 0% used [0x00000000fac00000,0x00000000fac00000,0x0000000100000000)
 ParOldGen       total 208384K, used 156508K [0x00000000c0000000, 0x00000000ccb80000, 0x00000000eaa80000)
  object space 208384K, 75% used [0x00000000c0000000,0x00000000c98d7140,0x00000000ccb80000)
 PSPermGen       total 21504K, used 6208K [0x00000000bae00000, 0x00000000bc300000, 0x00000000c0000000)
  object space 21504K, 28% used [0x00000000bae00000,0x00000000bb410220,0x00000000bc300000)
Event: 9.724 GC heap after
Heap after GC invocations=13 (full 1):
 PSYoungGen      total 257536K, used 51720K [0x00000000eaa80000, 0x00000000ffe80000, 0x0000000100000000)
  eden space 173056K, 0% used [0x00000000eaa80000,0x00000000eaa80000,0x00000000f5380000)
  from space 84480K, 61% used [0x00000000fac00000,0x00000000fde82270,0x00000000ffe80000)
  to   space 87552K, 0% used [0x00000000f5380000,0x00000000f5380000,0x00000000fa900000)
 ParOldGen       total 208384K, used 156508K [0x00000000c0000000, 0x00000000ccb80000, 0x00000000eaa80000)
  object space 208384K, 75% used [0x00000000c0000000,0x00000000c98d7140,0x00000000ccb80000)
 PSPermGen       total 21504K, used 6208K [0x00000000bae00000, 0x00000000bc300000, 0x00000000c0000000)
  object space 21504K, 28% used [0x00000000bae00000,0x00000000bb410220,0x00000000bc300000)
}
Event: 9.937 GC heap before
{Heap before GC invocations=14 (full 1):
 PSYoungGen      total 257536K, used 224776K [0x00000000eaa80000, 0x00000000ffe80000, 0x0000000100000000)
  eden space 173056K, 100% used [0x00000000eaa80000,0x00000000f5380000,0x00000000f5380000)
  from space 84480K, 61% used [0x00000000fac00000,0x00000000fde82270,0x00000000ffe80000)
  to   space 87552K, 0% used [0x00000000f5380000,0x00000000f5380000,0x00000000fa900000)
 ParOldGen       total 208384K, used 156508K [0x00000000c0000000, 0x00000000ccb80000, 0x00000000eaa80000)
  object space 208384K, 75% used [0x00000000c0000000,0x00000000c98d7140,0x00000000ccb80000)
 PSPermGen       total 21504K, used 6216K [0x00000000bae00000, 0x00000000bc300000, 0x00000000c0000000)
  object space 21504K, 28% used [0x00000000bae00000,0x00000000bb4123e8,0x00000000bc300000)
Event: 10.013 GC heap after
Heap after GC invocations=14 (full 1):
 PSYoungGen      total 260608K, used 78057K [0x00000000eaa80000, 0x00000000ffe80000, 0x0000000100000000)
  eden space 173056K, 0% used [0x00000000eaa80000,0x00000000eaa80000,0x00000000f5380000)
  from space 87552K, 89% used [0x00000000f5380000,0x00000000f9fba7c0,0x00000000fa900000)
  to   space 84480K, 0% used [0x00000000fac00000,0x00000000fac00000,0x00000000ffe80000)
 ParOldGen       total 208384K, used 156508K [0x00000000c0000000, 0x00000000ccb80000, 0x00000000eaa80000)
  object space 208384K, 75% used [0x00000000c0000000,0x00000000c98d7140,0x00000000ccb80000)
 PSPermGen       total 21504K, used 6216K [0x00000000bae00000, 0x00000000bc300000, 0x00000000c0000000)
  object space 21504K, 28% used [0x00000000bae00000,0x00000000bb4123e8,0x00000000bc300000)
}

